<?xml version="1.0" encoding="UTF-8"?>
<testsuite xmlns:xsi="http://www.w3.org/2001/XMLSchema-instance" xsi:noNamespaceSchemaLocation="https://maven.apache.org/surefire/maven-surefire-plugin/xsd/surefire-test-report-3.0.xsd" version="3.0" name="com.daka.crm.DakaCrmApplicationTests" time="24.133" tests="1" errors="0" skipped="0" failures="0">
  <properties>
[...]
</properties>
  <testcase name="contextLoads" classname="com.daka.crm.DakaCrmApplicationTests" time="0.547">
    <system-out><![CDATA[19:02:02.174 [main] INFO org.springframework.test.context.support.AnnotationConfigContextLoaderUtils -- Could not detect default configuration classes for test class [com.daka.crm.DakaCrmApplicationTests]: DakaCrmApplicationTests does not declare any static, non-private, non-final, nested classes annotated with @Configuration.
19:02:02.309 [main] INFO org.springframework.boot.test.context.SpringBootTestContextBootstrapper -- Found @SpringBootConfiguration com.daka.crm.DakaCrmApplication for test class com.daka.crm.DakaCrmApplicationTests
19:02:02.493 [main] INFO org.springframework.boot.devtools.restart.RestartApplicationListener -- Restart disabled due to context in which it is running

  .   ____          _            __ _ _
 /\\ / ___'_ __ _ _(_)_ __  __ _ \ \ \ \
( ( )\___ | '_ | '_| | '_ \/ _` | \ \ \ \
 \\/  ___)| |_)| | | | | || (_| |  ) ) ) )
  '  |____| .__|_| |_|_| |_\__, | / / / /
 =========|_|==============|___/=/_/_/_/

 :: Spring Boot ::                (v3.3.2)

2024-11-12T19:02:02.870-03:00  INFO 280289 --- [daka-crm] [           main] com.daka.crm.DakaCrmApplicationTests     : Starting DakaCrmApplicationTests using Java 21.0.5 with PID 280289 (started by lucas in /home/lucas/projects/daka-crm/daka-back-end)
2024-11-12T19:02:02.871-03:00  INFO 280289 --- [daka-crm] [           main] com.daka.crm.DakaCrmApplicationTests     : No active profile set, falling back to 1 default profile: "default"
2024-11-12T19:02:04.107-03:00  INFO 280289 --- [daka-crm] [           main] .s.d.r.c.RepositoryConfigurationDelegate : Bootstrapping Spring Data JPA repositories in DEFAULT mode.
2024-11-12T19:02:04.200-03:00  INFO 280289 --- [daka-crm] [           main] .s.d.r.c.RepositoryConfigurationDelegate : Finished Spring Data repository scanning in 85 ms. Found 8 JPA repository interfaces.
2024-11-12T19:02:05.118-03:00  INFO 280289 --- [daka-crm] [           main] com.zaxxer.hikari.HikariDataSource       : HikariPool-1 - Starting...
2024-11-12T19:02:08.141-03:00  INFO 280289 --- [daka-crm] [           main] com.zaxxer.hikari.pool.HikariPool        : HikariPool-1 - Added connection com.mysql.cj.jdbc.ConnectionImpl@6c5ca0b6
2024-11-12T19:02:08.143-03:00  INFO 280289 --- [daka-crm] [           main] com.zaxxer.hikari.HikariDataSource       : HikariPool-1 - Start completed.
2024-11-12T19:02:13.978-03:00  INFO 280289 --- [daka-crm] [           main] liquibase.changelog                      : Reading from defaultdb.DATABASECHANGELOG
2024-11-12T19:02:15.208-03:00  INFO 280289 --- [daka-crm] [           main] liquibase.ui                             : Database is up to date, no changesets to execute
2024-11-12T19:02:15.410-03:00  INFO 280289 --- [daka-crm] [           main] liquibase.changelog                      : Reading from defaultdb.DATABASECHANGELOG
2024-11-12T19:02:15.587-03:00  INFO 280289 --- [daka-crm] [           main] liquibase.util                           : UPDATE SUMMARY
2024-11-12T19:02:15.587-03:00  INFO 280289 --- [daka-crm] [           main] liquibase.util                           : Run:                          0
2024-11-12T19:02:15.587-03:00  INFO 280289 --- [daka-crm] [           main] liquibase.util                           : Previously run:               8
2024-11-12T19:02:15.587-03:00  INFO 280289 --- [daka-crm] [           main] liquibase.util                           : Filtered out:                 0
2024-11-12T19:02:15.588-03:00  INFO 280289 --- [daka-crm] [           main] liquibase.util                           : -------------------------------
2024-11-12T19:02:15.588-03:00  INFO 280289 --- [daka-crm] [           main] liquibase.util                           : Total change sets:            8
2024-11-12T19:02:15.589-03:00  INFO 280289 --- [daka-crm] [           main] liquibase.util                           : Update summary generated
2024-11-12T19:02:16.230-03:00  INFO 280289 --- [daka-crm] [           main] liquibase.lockservice                    : Successfully released change log lock
2024-11-12T19:02:16.436-03:00  INFO 280289 --- [daka-crm] [           main] liquibase.command                        : Command execution complete
2024-11-12T19:02:16.763-03:00  INFO 280289 --- [daka-crm] [           main] o.hibernate.jpa.internal.util.LogHelper  : HHH000204: Processing PersistenceUnitInfo [name: default]
2024-11-12T19:02:16.827-03:00  INFO 280289 --- [daka-crm] [           main] org.hibernate.Version                    : HHH000412: Hibernate ORM core version 6.5.2.Final
2024-11-12T19:02:16.865-03:00  INFO 280289 --- [daka-crm] [           main] o.h.c.internal.RegionFactoryInitiator    : HHH000026: Second-level cache disabled
2024-11-12T19:02:17.206-03:00  INFO 280289 --- [daka-crm] [           main] o.s.o.j.p.SpringPersistenceUnitInfo      : No LoadTimeWeaver setup: ignoring JPA class transformer
2024-11-12T19:02:18.644-03:00  INFO 280289 --- [daka-crm] [           main] o.h.e.t.j.p.i.JtaPlatformInitiator       : HHH000489: No JTA platform available (set 'hibernate.transaction.jta.platform' to enable JTA platform integration)
2024-11-12T19:02:22.875-03:00  INFO 280289 --- [daka-crm] [           main] j.LocalContainerEntityManagerFactoryBean : Initialized JPA EntityManagerFactory for persistence unit 'default'
2024-11-12T19:02:23.959-03:00  INFO 280289 --- [daka-crm] [           main] o.s.d.j.r.query.QueryEnhancerFactory     : Hibernate is in classpath; If applicable, HQL parser will be used.
2024-11-12T19:02:24.370-03:00  WARN 280289 --- [daka-crm] [           main] JpaBaseConfiguration$JpaWebConfiguration : spring.jpa.open-in-view is enabled by default. Therefore, database queries may be performed during view rendering. Explicitly configure spring.jpa.open-in-view to disable this warning
2024-11-12T19:02:24.401-03:00  INFO 280289 --- [daka-crm] [           main] r$InitializeUserDetailsManagerConfigurer : Global AuthenticationManager configured with UserDetailsService bean with name userSecurityService
2024-11-12T19:02:25.517-03:00  INFO 280289 --- [daka-crm] [           main] com.daka.crm.DakaCrmApplicationTests     : Started DakaCrmApplicationTests in 23.038 seconds (process running for 24.262)
]]></system-out>
    <system-err><![CDATA[WARNING: A Java agent has been loaded dynamically (/home/lucas/.m2/repository/net/bytebuddy/byte-buddy-agent/1.14.18/byte-buddy-agent-1.14.18.jar)
WARNING: If a serviceability tool is in use, please run with -XX:+EnableDynamicAgentLoading to hide this warning
WARNING: If a serviceability tool is not in use, please run with -Djdk.instrument.traceUsage for more information
WARNING: Dynamic loading of agents will be disallowed by default in a future release
]]></system-err>
  </testcase>
</testsuite>